<?xml version='1.0'?>
<ns2:test-suite xmlns:ns2='urn:model.allure.qatools.yandex.ru' start='1620295947829' stop='1620295947868'>
    <name>check cars page </name>
    <title>check cars page </title>
    <test-cases>
        <test-case start='1620295947829' status='broken' stop='1620295947839'>
            <name>check the Electric cars section </name>
            <title>check the Electric cars section </title>
            <labels>
                <label name='language' value='javascript'/>
                <label name='framework' value='wdio'/>
                <label name='thread' value='0-0'/>
            </labels>
            <parameters>
                <parameter kind='argument' name='browser' value='chrome-90.0.4430.93'/>
            </parameters>
            <steps/>
            <attachments/>
            <failure>
                <message>browser.alertText is not a function</message>
                <stack-trace>TypeError: browser.alertText is not a function
                    at LoginPage.navigate (C:\Users\vaezhilk\Downloads\WDIO6_Docker_Custom_Image-master\WDIO6_Docker_Custom_Image-master\test\pageobjects\home.po.js:32:29)
                    at Context.&lt;anonymous> (C:\Users\vaezhilk\Downloads\WDIO6_Docker_Custom_Image-master\WDIO6_Docker_Custom_Image-master\test\specs\cars.spec.js:7:16)
                    at Context.executeAsync (C:\Users\vaezhilk\Downloads\WDIO6_Docker_Custom_Image-master\WDIO6_Docker_Custom_Image-master\node_modules\@wdio\utils\build\shim.js:101:25)
                    at Context.exports.testFrameworkFnWrapper (C:\Users\vaezhilk\Downloads\WDIO6_Docker_Custom_Image-master\WDIO6_Docker_Custom_Image-master\node_modules\@wdio\utils\build\test-framework\testFnWrapper.js:18:32)</stack-trace>
            </failure>
        </test-case>
        <test-case start='1620295947841' status='broken' stop='1620295947854'>
            <name>check the Hybrid cars section</name>
            <title>check the Hybrid cars section</title>
            <labels>
                <label name='language' value='javascript'/>
                <label name='framework' value='wdio'/>
                <label name='thread' value='0-0'/>
            </labels>
            <parameters>
                <parameter kind='argument' name='browser' value='chrome-90.0.4430.93'/>
            </parameters>
            <steps/>
            <attachments/>
            <failure>
                <message>browser.alertText is not a function</message>
                <stack-trace>TypeError: browser.alertText is not a function
                    at LoginPage.navigate (C:\Users\vaezhilk\Downloads\WDIO6_Docker_Custom_Image-master\WDIO6_Docker_Custom_Image-master\test\pageobjects\home.po.js:32:29)
                    at Context.&lt;anonymous> (C:\Users\vaezhilk\Downloads\WDIO6_Docker_Custom_Image-master\WDIO6_Docker_Custom_Image-master\test\specs\cars.spec.js:12:16)
                    at Context.executeAsync (C:\Users\vaezhilk\Downloads\WDIO6_Docker_Custom_Image-master\WDIO6_Docker_Custom_Image-master\node_modules\@wdio\utils\build\shim.js:101:25)
                    at Context.exports.testFrameworkFnWrapper (C:\Users\vaezhilk\Downloads\WDIO6_Docker_Custom_Image-master\WDIO6_Docker_Custom_Image-master\node_modules\@wdio\utils\build\test-framework\testFnWrapper.js:18:32)</stack-trace>
            </failure>
        </test-case>
        <test-case start='1620295947857' status='broken' stop='1620295947864'>
            <name>check the Mild-Hybrid cars section</name>
            <title>check the Mild-Hybrid cars section</title>
            <labels>
                <label name='language' value='javascript'/>
                <label name='framework' value='wdio'/>
                <label name='thread' value='0-0'/>
            </labels>
            <parameters>
                <parameter kind='argument' name='browser' value='chrome-90.0.4430.93'/>
            </parameters>
            <steps/>
            <attachments/>
            <failure>
                <message>browser.alertText is not a function</message>
                <stack-trace>TypeError: browser.alertText is not a function
                    at LoginPage.navigate (C:\Users\vaezhilk\Downloads\WDIO6_Docker_Custom_Image-master\WDIO6_Docker_Custom_Image-master\test\pageobjects\home.po.js:32:29)
                    at Context.&lt;anonymous> (C:\Users\vaezhilk\Downloads\WDIO6_Docker_Custom_Image-master\WDIO6_Docker_Custom_Image-master\test\specs\cars.spec.js:17:15)
                    at Context.executeAsync (C:\Users\vaezhilk\Downloads\WDIO6_Docker_Custom_Image-master\WDIO6_Docker_Custom_Image-master\node_modules\@wdio\utils\build\shim.js:101:25)
                    at Context.exports.testFrameworkFnWrapper (C:\Users\vaezhilk\Downloads\WDIO6_Docker_Custom_Image-master\WDIO6_Docker_Custom_Image-master\node_modules\@wdio\utils\build\test-framework\testFnWrapper.js:18:32)</stack-trace>
            </failure>
        </test-case>
    </test-cases>
</ns2:test-suite>